<?xml version="1.0" encoding="UTF-8"?>
<!-- Generated by org.testng.reporters.JUnitReportReporter -->
<testsuite hostname="4199LOIT" name="crm.cucumberFramework.Venue_Management_Mvn_Proj.DateTimePicker" tests="1" failures="1" timestamp="3 Dec 2015 11:02:05 GMT" time="84.587" errors="0">
  <testcase name="testDAtePicker" time="84.587" classname="crm.cucumberFramework.Venue_Management_Mvn_Proj.DateTimePicker">
    <failure type="org.openqa.selenium.WebDriverException" message="Failed to connect to binary FirefoxBinary(C:\Program Files (x86)\Mozilla Firefox\firefox.exe) on port 7055; process output follows: 
deo Converter Ultimate\ISVCU@iSkysoft.com
1449140481509	addons.xpi	DEBUG	checkForChanges
1449140481510	addons.xpi	DEBUG	Loaded add-on state from prefs: {&quot;app-profile&quot;:{&quot;fxdriver@googlecode.com&quot;:{&quot;d&quot;:&quot;C:\\Users\\GEORGE~1\\AppData\\Local\\Temp\\anonymous1689570779632862250webdriver-profile\\extensions\\fxdriver@googlecode.com&quot;,&quot;e&quot;:false,&quot;v&quot;:&quot;2.28.0&quot;,&quot;st&quot;:1449140447559,&quot;mt&quot;:1449140447188}},&quot;app-global&quot;:{&quot;{972ce4c6-7e08-4474-a285-3208198ce6fd}&quot;:{&quot;d&quot;:&quot;C:\\Program Files (x86)\\Mozilla Firefox\\browser\\extensions\\{972ce4c6-7e08-4474-a285-3208198ce6fd}&quot;,&quot;e&quot;:true,&quot;v&quot;:&quot;43.0&quot;,&quot;st&quot;:1448405903361,&quot;mt&quot;:1446834450940}},&quot;winreg-app-global&quot;:{&quot;ISVCU@iSkysoft.com&quot;:{&quot;d&quot;:&quot;C:\\ProgramData\\iSkysoft\\Video Converter Ultimate\\ISVCU@iSkysoft.com&quot;,&quot;e&quot;:false,&quot;v&quot;:&quot;5.1.0&quot;,&quot;st&quot;:1441272127773,&quot;mt&quot;:1432651462000}}}
1449140481511	addons.xpi	DEBUG	Existing add-on fxdriver@googlecode.com in app-profile
1449140481514	addons.xpi	DEBUG	getModTime: Recursive scan of {972ce4c6-7e08-4474-a285-3208198ce6fd}
1449140481516	addons.xpi	DEBUG	Existing add-on {972ce4c6-7e08-4474-a285-3208198ce6fd} in app-global
1449140481517	addons.xpi	DEBUG	Existing add-on ISVCU@iSkysoft.com in winreg-app-global
1449140481518	addons.xpi	DEBUG	getInstallState changed: false, state: {&quot;app-profile&quot;:{&quot;fxdriver@googlecode.com&quot;:{&quot;d&quot;:&quot;C:\\Users\\GEORGE~1\\AppData\\Local\\Temp\\anonymous1689570779632862250webdriver-profile\\extensions\\fxdriver@googlecode.com&quot;,&quot;e&quot;:false,&quot;v&quot;:&quot;2.28.0&quot;,&quot;st&quot;:1449140447559,&quot;mt&quot;:1449140447188}},&quot;app-global&quot;:{&quot;{972ce4c6-7e08-4474-a285-3208198ce6fd}&quot;:{&quot;d&quot;:&quot;C:\\Program Files (x86)\\Mozilla Firefox\\browser\\extensions\\{972ce4c6-7e08-4474-a285-3208198ce6fd}&quot;,&quot;e&quot;:true,&quot;v&quot;:&quot;43.0&quot;,&quot;st&quot;:1448405903361,&quot;mt&quot;:1446834450940}},&quot;winreg-app-global&quot;:{&quot;ISVCU@iSkysoft.com&quot;:{&quot;d&quot;:&quot;C:\\ProgramData\\iSkysoft\\Video Converter Ultimate\\ISVCU@iSkysoft.com&quot;,&quot;e&quot;:false,&quot;v&quot;:&quot;5.1.0&quot;,&quot;st&quot;:1441272127773,&quot;mt&quot;:1432651462000}}}
1449140481522	addons.xpi	DEBUG	No changes found
1449140481538	addons.manager	DEBUG	Registering shutdown blocker for XPIProvider
1449140481540	addons.manager	DEBUG	Provider finished startup: XPIProvider
1449140481540	addons.manager	DEBUG	Starting provider: LightweightThemeManager
1449140481541	addons.manager	DEBUG	Registering shutdown blocker for LightweightThemeManager
1449140481541	addons.manager	DEBUG	Provider finished startup: LightweightThemeManager
1449140481542	addons.manager	DEBUG	Starting provider: GMPProvider
1449140481556	addons.manager	DEBUG	Registering shutdown blocker for GMPProvider
1449140481557	addons.manager	DEBUG	Provider finished startup: GMPProvider
1449140481557	addons.manager	DEBUG	Starting provider: PluginProvider
1449140481558	addons.manager	DEBUG	Registering shutdown blocker for PluginProvider
1449140481558	addons.manager	DEBUG	Provider finished startup: PluginProvider
1449140481559	addons.manager	DEBUG	Completed startup sequence
1449140481786	addons.xpi-utils	DEBUG	Starting async load of XPI database C:\Users\GEORGE~1\AppData\Local\Temp\anonymous1689570779632862250webdriver-profile\extensions.json
*** Blocklist::_loadBlocklistFromFile: blocklist is disabled
1449140482136	addons.manager	DEBUG	Starting provider: &lt;unnamed-provider&gt;
1449140482136	addons.manager	DEBUG	Registering shutdown blocker for &lt;unnamed-provider&gt;
1449140482137	addons.manager	DEBUG	Provider finished startup: &lt;unnamed-provider&gt;
1449140482416	addons.xpi-utils	DEBUG	Async JSON file read took 0 MS
1449140482417	addons.xpi-utils	DEBUG	Finished async read of XPI database, parsing...
1449140482419	addons.xpi-utils	DEBUG	Successfully read XPI database
1449140482675	addons.manager	DEBUG	Starting provider: PreviousExperimentProvider
1449140482676	addons.manager	DEBUG	Registering shutdown blocker for PreviousExperimentProvider
1449140482676	addons.manager	DEBUG	Provider finished startup: PreviousExperimentProvider
JavaScript warning: https://self-repair.mozilla.org/en-GB/repair/, line 8: mutating the [[Prototype]] of an object will cause your code to run very slowly; instead create the object with the correct initial [[Prototype]] value using Object.create

Build info: version: &#039;2.28.0&#039;, revision: &#039;18309&#039;, time: &#039;2012-12-11 15:53:30&#039;
System info: os.name: &#039;Windows 7&#039;, os.arch: &#039;amd64&#039;, os.version: &#039;6.1&#039;, java.version: &#039;1.7.0_80-ea&#039;
Driver info: driver.version: FirefoxDriver">
      <![CDATA[org.openqa.selenium.WebDriverException: Failed to connect to binary FirefoxBinary(C:\Program Files (x86)\Mozilla Firefox\firefox.exe) on port 7055; process output follows: 
deo Converter Ultimate\ISVCU@iSkysoft.com
1449140481509	addons.xpi	DEBUG	checkForChanges
1449140481510	addons.xpi	DEBUG	Loaded add-on state from prefs: {"app-profile":{"fxdriver@googlecode.com":{"d":"C:\\Users\\GEORGE~1\\AppData\\Local\\Temp\\anonymous1689570779632862250webdriver-profile\\extensions\\fxdriver@googlecode.com","e":false,"v":"2.28.0","st":1449140447559,"mt":1449140447188}},"app-global":{"{972ce4c6-7e08-4474-a285-3208198ce6fd}":{"d":"C:\\Program Files (x86)\\Mozilla Firefox\\browser\\extensions\\{972ce4c6-7e08-4474-a285-3208198ce6fd}","e":true,"v":"43.0","st":1448405903361,"mt":1446834450940}},"winreg-app-global":{"ISVCU@iSkysoft.com":{"d":"C:\\ProgramData\\iSkysoft\\Video Converter Ultimate\\ISVCU@iSkysoft.com","e":false,"v":"5.1.0","st":1441272127773,"mt":1432651462000}}}
1449140481511	addons.xpi	DEBUG	Existing add-on fxdriver@googlecode.com in app-profile
1449140481514	addons.xpi	DEBUG	getModTime: Recursive scan of {972ce4c6-7e08-4474-a285-3208198ce6fd}
1449140481516	addons.xpi	DEBUG	Existing add-on {972ce4c6-7e08-4474-a285-3208198ce6fd} in app-global
1449140481517	addons.xpi	DEBUG	Existing add-on ISVCU@iSkysoft.com in winreg-app-global
1449140481518	addons.xpi	DEBUG	getInstallState changed: false, state: {"app-profile":{"fxdriver@googlecode.com":{"d":"C:\\Users\\GEORGE~1\\AppData\\Local\\Temp\\anonymous1689570779632862250webdriver-profile\\extensions\\fxdriver@googlecode.com","e":false,"v":"2.28.0","st":1449140447559,"mt":1449140447188}},"app-global":{"{972ce4c6-7e08-4474-a285-3208198ce6fd}":{"d":"C:\\Program Files (x86)\\Mozilla Firefox\\browser\\extensions\\{972ce4c6-7e08-4474-a285-3208198ce6fd}","e":true,"v":"43.0","st":1448405903361,"mt":1446834450940}},"winreg-app-global":{"ISVCU@iSkysoft.com":{"d":"C:\\ProgramData\\iSkysoft\\Video Converter Ultimate\\ISVCU@iSkysoft.com","e":false,"v":"5.1.0","st":1441272127773,"mt":1432651462000}}}
1449140481522	addons.xpi	DEBUG	No changes found
1449140481538	addons.manager	DEBUG	Registering shutdown blocker for XPIProvider
1449140481540	addons.manager	DEBUG	Provider finished startup: XPIProvider
1449140481540	addons.manager	DEBUG	Starting provider: LightweightThemeManager
1449140481541	addons.manager	DEBUG	Registering shutdown blocker for LightweightThemeManager
1449140481541	addons.manager	DEBUG	Provider finished startup: LightweightThemeManager
1449140481542	addons.manager	DEBUG	Starting provider: GMPProvider
1449140481556	addons.manager	DEBUG	Registering shutdown blocker for GMPProvider
1449140481557	addons.manager	DEBUG	Provider finished startup: GMPProvider
1449140481557	addons.manager	DEBUG	Starting provider: PluginProvider
1449140481558	addons.manager	DEBUG	Registering shutdown blocker for PluginProvider
1449140481558	addons.manager	DEBUG	Provider finished startup: PluginProvider
1449140481559	addons.manager	DEBUG	Completed startup sequence
1449140481786	addons.xpi-utils	DEBUG	Starting async load of XPI database C:\Users\GEORGE~1\AppData\Local\Temp\anonymous1689570779632862250webdriver-profile\extensions.json
*** Blocklist::_loadBlocklistFromFile: blocklist is disabled
1449140482136	addons.manager	DEBUG	Starting provider: <unnamed-provider>
1449140482136	addons.manager	DEBUG	Registering shutdown blocker for <unnamed-provider>
1449140482137	addons.manager	DEBUG	Provider finished startup: <unnamed-provider>
1449140482416	addons.xpi-utils	DEBUG	Async JSON file read took 0 MS
1449140482417	addons.xpi-utils	DEBUG	Finished async read of XPI database, parsing...
1449140482419	addons.xpi-utils	DEBUG	Successfully read XPI database
1449140482675	addons.manager	DEBUG	Starting provider: PreviousExperimentProvider
1449140482676	addons.manager	DEBUG	Registering shutdown blocker for PreviousExperimentProvider
1449140482676	addons.manager	DEBUG	Provider finished startup: PreviousExperimentProvider
JavaScript warning: https://self-repair.mozilla.org/en-GB/repair/, line 8: mutating the [[Prototype]] of an object will cause your code to run very slowly; instead create the object with the correct initial [[Prototype]] value using Object.create

Build info: version: '2.28.0', revision: '18309', time: '2012-12-11 15:53:30'
System info: os.name: 'Windows 7', os.arch: 'amd64', os.version: '6.1', java.version: '1.7.0_80-ea'
Driver info: driver.version: FirefoxDriver
	at org.openqa.selenium.firefox.internal.NewProfileExtensionConnection.start(NewProfileExtensionConnection.java:118)
	at org.openqa.selenium.firefox.FirefoxDriver.startClient(FirefoxDriver.java:244)
	at org.openqa.selenium.remote.RemoteWebDriver.<init>(RemoteWebDriver.java:110)
	at org.openqa.selenium.firefox.FirefoxDriver.<init>(FirefoxDriver.java:188)
	at org.openqa.selenium.firefox.FirefoxDriver.<init>(FirefoxDriver.java:183)
	at org.openqa.selenium.firefox.FirefoxDriver.<init>(FirefoxDriver.java:179)
	at org.openqa.selenium.firefox.FirefoxDriver.<init>(FirefoxDriver.java:92)
	at crm.cucumberFramework.Venue_Management_Mvn_Proj.DateTimePicker.testDAtePicker(DateTimePicker.java:28)
	at sun.reflect.NativeMethodAccessorImpl.invoke0(Native Method)
	at sun.reflect.NativeMethodAccessorImpl.invoke(Unknown Source)
	at sun.reflect.DelegatingMethodAccessorImpl.invoke(Unknown Source)
	at java.lang.reflect.Method.invoke(Unknown Source)
	at org.testng.internal.MethodInvocationHelper.invokeMethod(MethodInvocationHelper.java:84)
	at org.testng.internal.Invoker.invokeMethod(Invoker.java:714)
	at org.testng.internal.Invoker.invokeTestMethod(Invoker.java:901)
	at org.testng.internal.Invoker.invokeTestMethods(Invoker.java:1231)
	at org.testng.internal.TestMethodWorker.invokeTestMethods(TestMethodWorker.java:127)
	at org.testng.internal.TestMethodWorker.run(TestMethodWorker.java:111)
	at org.testng.TestRunner.privateRun(TestRunner.java:767)
	at org.testng.TestRunner.run(TestRunner.java:617)
	at org.testng.SuiteRunner.runTest(SuiteRunner.java:334)
	at org.testng.SuiteRunner.runSequentially(SuiteRunner.java:329)
	at org.testng.SuiteRunner.privateRun(SuiteRunner.java:291)
	at org.testng.SuiteRunner.run(SuiteRunner.java:240)
	at org.testng.SuiteRunnerWorker.runSuite(SuiteRunnerWorker.java:52)
	at org.testng.SuiteRunnerWorker.run(SuiteRunnerWorker.java:86)
	at org.testng.TestNG.runSuitesSequentially(TestNG.java:1224)
	at org.testng.TestNG.runSuitesLocally(TestNG.java:1149)
	at org.testng.TestNG.run(TestNG.java:1057)
	at org.testng.remote.RemoteTestNG.run(RemoteTestNG.java:111)
	at org.testng.remote.RemoteTestNG.initAndRun(RemoteTestNG.java:204)
	at org.testng.remote.RemoteTestNG.main(RemoteTestNG.java:175)
Caused by: org.openqa.selenium.firefox.NotConnectedException: Unable to connect to host 127.0.0.1 on port 7055 after 45000 ms. Firefox console output:
deo Converter Ultimate\ISVCU@iSkysoft.com
1449140481509	addons.xpi	DEBUG	checkForChanges
1449140481510	addons.xpi	DEBUG	Loaded add-on state from prefs: {"app-profile":{"fxdriver@googlecode.com":{"d":"C:\\Users\\GEORGE~1\\AppData\\Local\\Temp\\anonymous1689570779632862250webdriver-profile\\extensions\\fxdriver@googlecode.com","e":false,"v":"2.28.0","st":1449140447559,"mt":1449140447188}},"app-global":{"{972ce4c6-7e08-4474-a285-3208198ce6fd}":{"d":"C:\\Program Files (x86)\\Mozilla Firefox\\browser\\extensions\\{972ce4c6-7e08-4474-a285-3208198ce6fd}","e":true,"v":"43.0","st":1448405903361,"mt":1446834450940}},"winreg-app-global":{"ISVCU@iSkysoft.com":{"d":"C:\\ProgramData\\iSkysoft\\Video Converter Ultimate\\ISVCU@iSkysoft.com","e":false,"v":"5.1.0","st":1441272127773,"mt":1432651462000}}}
1449140481511	addons.xpi	DEBUG	Existing add-on fxdriver@googlecode.com in app-profile
1449140481514	addons.xpi	DEBUG	getModTime: Recursive scan of {972ce4c6-7e08-4474-a285-3208198ce6fd}
1449140481516	addons.xpi	DEBUG	Existing add-on {972ce4c6-7e08-4474-a285-3208198ce6fd} in app-global
1449140481517	addons.xpi	DEBUG	Existing add-on ISVCU@iSkysoft.com in winreg-app-global
1449140481518	addons.xpi	DEBUG	getInstallState changed: false, state: {"app-profile":{"fxdriver@googlecode.com":{"d":"C:\\Users\\GEORGE~1\\AppData\\Local\\Temp\\anonymous1689570779632862250webdriver-profile\\extensions\\fxdriver@googlecode.com","e":false,"v":"2.28.0","st":1449140447559,"mt":1449140447188}},"app-global":{"{972ce4c6-7e08-4474-a285-3208198ce6fd}":{"d":"C:\\Program Files (x86)\\Mozilla Firefox\\browser\\extensions\\{972ce4c6-7e08-4474-a285-3208198ce6fd}","e":true,"v":"43.0","st":1448405903361,"mt":1446834450940}},"winreg-app-global":{"ISVCU@iSkysoft.com":{"d":"C:\\ProgramData\\iSkysoft\\Video Converter Ultimate\\ISVCU@iSkysoft.com","e":false,"v":"5.1.0","st":1441272127773,"mt":1432651462000}}}
1449140481522	addons.xpi	DEBUG	No changes found
1449140481538	addons.manager	DEBUG	Registering shutdown blocker for XPIProvider
1449140481540	addons.manager	DEBUG	Provider finished startup: XPIProvider
1449140481540	addons.manager	DEBUG	Starting provider: LightweightThemeManager
1449140481541	addons.manager	DEBUG	Registering shutdown blocker for LightweightThemeManager
1449140481541	addons.manager	DEBUG	Provider finished startup: LightweightThemeManager
1449140481542	addons.manager	DEBUG	Starting provider: GMPProvider
1449140481556	addons.manager	DEBUG	Registering shutdown blocker for GMPProvider
1449140481557	addons.manager	DEBUG	Provider finished startup: GMPProvider
1449140481557	addons.manager	DEBUG	Starting provider: PluginProvider
1449140481558	addons.manager	DEBUG	Registering shutdown blocker for PluginProvider
1449140481558	addons.manager	DEBUG	Provider finished startup: PluginProvider
1449140481559	addons.manager	DEBUG	Completed startup sequence
1449140481786	addons.xpi-utils	DEBUG	Starting async load of XPI database C:\Users\GEORGE~1\AppData\Local\Temp\anonymous1689570779632862250webdriver-profile\extensions.json
*** Blocklist::_loadBlocklistFromFile: blocklist is disabled
1449140482136	addons.manager	DEBUG	Starting provider: <unnamed-provider>
1449140482136	addons.manager	DEBUG	Registering shutdown blocker for <unnamed-provider>
1449140482137	addons.manager	DEBUG	Provider finished startup: <unnamed-provider>
1449140482416	addons.xpi-utils	DEBUG	Async JSON file read took 0 MS
1449140482417	addons.xpi-utils	DEBUG	Finished async read of XPI database, parsing...
1449140482419	addons.xpi-utils	DEBUG	Successfully read XPI database
1449140482675	addons.manager	DEBUG	Starting provider: PreviousExperimentProvider
1449140482676	addons.manager	DEBUG	Registering shutdown blocker for PreviousExperimentProvider
1449140482676	addons.manager	DEBUG	Provider finished startup: PreviousExperimentProvider
JavaScript warning: https://self-repair.mozilla.org/en-GB/repair/, line 8: mutating the [[Prototype]] of an object will cause your code to run very slowly; instead create the object with the correct initial [[Prototype]] value using Object.create

	at org.openqa.selenium.firefox.internal.NewProfileExtensionConnection.start(NewProfileExtensionConnection.java:106)
	... 31 more
]]>
    </failure>
  </testcase> <!-- testDAtePicker -->
</testsuite> <!-- crm.cucumberFramework.Venue_Management_Mvn_Proj.DateTimePicker -->
